[2021-01-26 18:02:22.258] [sharedprocess] [info] main {"machineId":"2cfc2c6ec259bf697485593aa5e214389d1ffd9aedd8760db8d18f8cb1812fbb","windowId":2}
[2021-01-26 18:02:22.326] [sharedprocess] [error] [File Watcher (node.js)] Error: ENOENT: no such file or directory, stat '/home/vibewill/.config/Code/User/snippets'
[2021-01-26 18:02:33.857] [sharedprocess] [info] Installing extension: ms-python.python
[2021-01-26 18:02:36.253] [sharedprocess] [info] Installing extension: ms-vscode.cpptools
[2021-01-26 18:02:37.899] [sharedprocess] [info] Downloaded extension: ms-python.python undefined
[2021-01-26 18:02:38.277] [sharedprocess] [info] Downloaded extension: ms-vscode.cpptools undefined
[2021-01-26 18:02:38.818] [sharedprocess] [info] Extracted extension to /home/vibewill/.vscode/extensions/.ms-vscode.cpptools-1.1.3: ms-vscode.cpptools
[2021-01-26 18:02:38.818] [sharedprocess] [info] Renamed to /home/vibewill/.vscode/extensions/ms-vscode.cpptools-1.1.3
[2021-01-26 18:02:38.828] [sharedprocess] [info] Installation completed. ms-vscode.cpptools
[2021-01-26 18:02:38.932] [sharedprocess] [info] Extensions installed successfully: ms-vscode.cpptools
[2021-01-26 18:02:41.255] [sharedprocess] [info] Extracted extension to /home/vibewill/.vscode/extensions/.ms-python.python-2021.1.502429796: ms-python.python
[2021-01-26 18:02:41.255] [sharedprocess] [info] Renamed to /home/vibewill/.vscode/extensions/ms-python.python-2021.1.502429796
[2021-01-26 18:02:41.258] [sharedprocess] [info] Installation completed. ms-python.python
[2021-01-26 18:02:41.852] [sharedprocess] [info] Installing extension: ms-toolsai.jupyter
[2021-01-26 18:02:47.075] [sharedprocess] [info] Downloaded extension: ms-toolsai.jupyter undefined
[2021-01-26 18:02:48.426] [sharedprocess] [info] Extracted extension to /home/vibewill/.vscode/extensions/.ms-toolsai.jupyter-2020.12.414227025: ms-toolsai.jupyter
[2021-01-26 18:02:48.426] [sharedprocess] [info] Renamed to /home/vibewill/.vscode/extensions/ms-toolsai.jupyter-2020.12.414227025
[2021-01-26 18:02:48.438] [sharedprocess] [info] Installation completed. ms-toolsai.jupyter
[2021-01-26 18:02:48.493] [sharedprocess] [info] Extensions installed successfully: ms-toolsai.jupyter
[2021-01-26 18:02:48.497] [sharedprocess] [info] Extensions installed successfully: ms-python.python
[2021-01-26 18:03:01.941] [sharedprocess] [info] Installing extension: ms-ceintl.vscode-language-pack-pt-br
[2021-01-26 18:03:02.275] [sharedprocess] [info] Starting to clean up unused language packs.
[2021-01-26 18:03:02.436] [sharedprocess] [info] Downloaded extension: ms-ceintl.vscode-language-pack-pt-br undefined
[2021-01-26 18:03:02.536] [sharedprocess] [info] Extracted extension to /home/vibewill/.vscode/extensions/.ms-ceintl.vscode-language-pack-pt-br-1.52.2: ms-ceintl.vscode-language-pack-pt-br
[2021-01-26 18:03:02.537] [sharedprocess] [info] Renamed to /home/vibewill/.vscode/extensions/ms-ceintl.vscode-language-pack-pt-br-1.52.2
[2021-01-26 18:03:02.538] [sharedprocess] [info] Installation completed. ms-ceintl.vscode-language-pack-pt-br
[2021-01-26 18:03:02.578] [sharedprocess] [info] Extensions installed successfully: ms-ceintl.vscode-language-pack-pt-br
